<?xml version="1.0" encoding="UTF-8"?>
<testsuite errors="2" failures="0" file="Commenter_tests.py" name="Commenter_tests.CommenterTest-20191028104610" skipped="0" tests="2" time="0.002" timestamp="2019-10-28T10:46:10">
	<testcase classname="Commenter_tests.CommenterTest" file="src\unittest\python\Commenter_tests.py" line="10" name="test_CommentPermission" time="0.001" timestamp="2019-10-28T10:46:10">
		<error message="name 'Commenter' is not defined" type="NameError">
<![CDATA[Traceback (most recent call last):
  File "c:\users\alfre\documents\escolar\iteso\7mo semestre\diseño de sw\decorator-practice\python\src\unittest\python\Commenter_tests.py", line 11, in test_CommentPermission
    commenter = Commenter(self.user)
NameError: name 'Commenter' is not defined
]]>		</error>
		<system-out>
<![CDATA[]]>		</system-out>
		<system-err>
<![CDATA[]]>		</system-err>
	</testcase>
	<testcase classname="Commenter_tests.CommenterTest" file="src\unittest\python\Commenter_tests.py" line="16" name="test_Description" time="0.001" timestamp="2019-10-28T10:46:10">
		<error message="name 'Commenter' is not defined" type="NameError">
<![CDATA[Traceback (most recent call last):
  File "c:\users\alfre\documents\escolar\iteso\7mo semestre\diseño de sw\decorator-practice\python\src\unittest\python\Commenter_tests.py", line 17, in test_Description
    commenter = Commenter(self.user)
NameError: name 'Commenter' is not defined
]]>		</error>
		<system-out>
<![CDATA[]]>		</system-out>
		<system-err>
<![CDATA[]]>		</system-err>
	</testcase>
</testsuite>
